<?xml version="1.0" encoding="UTF-8"?>
<!-- Generated by org.testng.reporters.JUnitReportReporter -->
<testsuite hostname="BSC-PG02BMD3" failures="0" tests="1" name="object.mainpage" time="1.003" errors="0" timestamp="2024-03-13T16:55:46 IST" skipped="0">
  <testcase classname="object.mainpage" name="checkboxes" time="1.003"/>
</testsuite> <!-- object.mainpage -->
